# JRE version: OpenJDK Runtime Environment (11.0.8+10) (build 11.0.8+10-b944.6842174)
# Java VM: OpenJDK 64-Bit Server VM (11.0.8+10-b944.6842174, mixed mode, tiered, compressed oops, g1 gc, windows-amd64)
Heap:
 garbage-first heap   total 155648K, used 63556K [0x0000000080000000, 0x0000000100000000)
  region size 1024K, 37 young (37888K), 10 survivors (10240K)
 Metaspace       used 56450K, capacity 57783K, committed 57856K, reserved 1099776K
  class space    used 7191K, capacity 7673K, committed 7680K, reserved 1048576K
GC Heap History (16 events):
Event: 1.177 GC heap before
{Heap before GC invocations=0 (full 0):
 garbage-first heap   total 129024K, used 29696K [0x0000000080000000, 0x0000000100000000)
  region size 1024K, 24 young (24576K), 0 survivors (0K)
 Metaspace       used 10410K, capacity 10644K, committed 11008K, reserved 1058816K
  class space    used 1098K, capacity 1164K, committed 1280K, reserved 1048576K
}
Event: 1.185 GC heap after
{Heap after GC invocations=1 (full 0):
 garbage-first heap   total 129024K, used 8516K [0x0000000080000000, 0x0000000100000000)
  region size 1024K, 3 young (3072K), 3 survivors (3072K)
 Metaspace       used 10410K, capacity 10644K, committed 11008K, reserved 1058816K
  class space    used 1098K, capacity 1164K, committed 1280K, reserved 1048576K
}
Event: 3.938 GC heap before
{Heap before GC invocations=1 (full 0):
 garbage-first heap   total 129024K, used 81220K [0x0000000080000000, 0x0000000100000000)
  region size 1024K, 75 young (76800K), 3 survivors (3072K)
 Metaspace       used 18926K, capacity 19340K, committed 19456K, reserved 1067008K
  class space    used 2295K, capacity 2456K, committed 2560K, reserved 1048576K
}
Event: 3.949 GC heap after
{Heap after GC invocations=2 (full 0):
 garbage-first heap   total 129024K, used 15410K [0x0000000080000000, 0x0000000100000000)
  region size 1024K, 10 young (10240K), 10 survivors (10240K)
 Metaspace       used 18926K, capacity 19340K, committed 19456K, reserved 1067008K
  class space    used 2295K, capacity 2456K, committed 2560K, reserved 1048576K
}
Event: 4.155 GC heap before
{Heap before GC invocations=2 (full 0):
 garbage-first heap   total 129024K, used 27698K [0x0000000080000000, 0x0000000100000000)
  region size 1024K, 23 young (23552K), 10 survivors (10240K)
 Metaspace       used 20616K, capacity 21109K, committed 21248K, reserved 1067008K
  class space    used 2532K, capacity 2710K, committed 2816K, reserved 1048576K
}
Event: 4.166 GC heap after
{Heap after GC invocations=3 (full 0):
 garbage-first heap   total 129024K, used 16404K [0x0000000080000000, 0x0000000100000000)
  region size 1024K, 1 young (1024K), 1 survivors (1024K)
 Metaspace       used 20616K, capacity 21109K, committed 21248K, reserved 1067008K
  class space    used 2532K, capacity 2710K, committed 2816K, reserved 1048576K
}
Event: 5.142 GC heap before
{Heap before GC invocations=4 (full 0):
 garbage-first heap   total 129024K, used 66580K [0x0000000080000000, 0x0000000100000000)
  region size 1024K, 50 young (51200K), 1 survivors (1024K)
 Metaspace       used 26207K, capacity 26803K, committed 27008K, reserved 1073152K
  class space    used 3434K, capacity 3632K, committed 3712K, reserved 1048576K
}
Event: 5.148 GC heap after
{Heap after GC invocations=5 (full 0):
 garbage-first heap   total 129024K, used 18087K [0x0000000080000000, 0x0000000100000000)
  region size 1024K, 3 young (3072K), 3 survivors (3072K)
 Metaspace       used 26207K, capacity 26803K, committed 27008K, reserved 1073152K
  class space    used 3434K, capacity 3632K, committed 3712K, reserved 1048576K
}
Event: 6.400 GC heap before
{Heap before GC invocations=5 (full 0):
 garbage-first heap   total 129024K, used 65191K [0x0000000080000000, 0x0000000100000000)
  region size 1024K, 50 young (51200K), 3 survivors (3072K)
 Metaspace       used 35009K, capacity 35737K, committed 35840K, reserved 1081344K
  class space    used 4558K, capacity 4824K, committed 4864K, reserved 1048576K
}
Event: 6.415 GC heap after
{Heap after GC invocations=6 (full 0):
 garbage-first heap   total 129024K, used 21316K [0x0000000080000000, 0x0000000100000000)
  region size 1024K, 6 young (6144K), 6 survivors (6144K)
 Metaspace       used 35009K, capacity 35737K, committed 35840K, reserved 1081344K
  class space    used 4558K, capacity 4824K, committed 4864K, reserved 1048576K
}
Event: 7.738 GC heap before
{Heap before GC invocations=7 (full 0):
 garbage-first heap   total 129024K, used 82756K [0x0000000080000000, 0x0000000100000000)
  region size 1024K, 63 young (64512K), 6 survivors (6144K)
 Metaspace       used 40800K, capacity 41734K, committed 41984K, reserved 1085440K
  class space    used 5216K, capacity 5536K, committed 5632K, reserved 1048576K
}
Event: 7.751 GC heap after
{Heap after GC invocations=8 (full 0):
 garbage-first heap   total 129024K, used 24400K [0x0000000080000000, 0x0000000100000000)
  region size 1024K, 7 young (7168K), 7 survivors (7168K)
 Metaspace       used 40800K, capacity 41734K, committed 41984K, reserved 1085440K
  class space    used 5216K, capacity 5536K, committed 5632K, reserved 1048576K
}
Event: 9.150 GC heap before
{Heap before GC invocations=8 (full 0):
 garbage-first heap   total 129024K, used 83792K [0x0000000080000000, 0x0000000100000000)
  region size 1024K, 65 young (66560K), 7 survivors (7168K)
 Metaspace       used 44202K, capacity 45234K, committed 45568K, reserved 1089536K
  class space    used 5672K, capacity 6023K, committed 6144K, reserved 1048576K
}
Event: 9.168 GC heap after
{Heap after GC invocations=9 (full 0):
 garbage-first heap   total 155648K, used 27312K [0x0000000080000000, 0x0000000100000000)
  region size 1024K, 6 young (6144K), 6 survivors (6144K)
 Metaspace       used 44202K, capacity 45234K, committed 45568K, reserved 1089536K
  class space    used 5672K, capacity 6023K, committed 6144K, reserved 1048576K
}
Event: 12.010 GC heap before
{Heap before GC invocations=9 (full 0):
 garbage-first heap   total 155648K, used 104112K [0x0000000080000000, 0x0000000100000000)
  region size 1024K, 79 young (80896K), 6 survivors (6144K)
 Metaspace       used 53181K, capacity 54423K, committed 54656K, reserved 1097728K
  class space    used 6766K, capacity 7191K, committed 7296K, reserved 1048576K
}
Event: 12.029 GC heap after
{Heap after GC invocations=10 (full 0):
 garbage-first heap   total 155648K, used 37956K [0x0000000080000000, 0x0000000100000000)
  region size 1024K, 10 young (10240K), 10 survivors (10240K)
 Metaspace       used 53181K, capacity 54423K, committed 54656K, reserved 1097728K
  class space    used 6766K, capacity 7191K, committed 7296K, reserved 1048576K
}

