# JRE version: OpenJDK Runtime Environment (11.0.8+10) (build 11.0.8+10-b944.6842174)
# Java VM: OpenJDK 64-Bit Server VM (11.0.8+10-b944.6842174, mixed mode, tiered, compressed oops, g1 gc, windows-amd64)
Heap:
 garbage-first heap   total 187392K, used 125811K [0x0000000080000000, 0x0000000100000000)
  region size 1024K, 60 young (61440K), 5 survivors (5120K)
 Metaspace       used 91413K, capacity 93558K, committed 93900K, reserved 1130496K
  class space    used 11188K, capacity 11893K, committed 12032K, reserved 1048576K
GC Heap History (20 events):
Event: 2018.713 GC heap before
{Heap before GC invocations=17 (full 0):
 garbage-first heap   total 187392K, used 148012K [0x0000000080000000, 0x0000000100000000)
  region size 1024K, 93 young (95232K), 9 survivors (9216K)
 Metaspace       used 81424K, capacity 83547K, committed 83788K, reserved 1122304K
  class space    used 10283K, capacity 11023K, committed 11136K, reserved 1048576K
}
Event: 2018.781 GC heap after
{Heap after GC invocations=18 (full 0):
 garbage-first heap   total 187392K, used 71494K [0x0000000080000000, 0x0000000100000000)
  region size 1024K, 12 young (12288K), 12 survivors (12288K)
 Metaspace       used 81424K, capacity 83547K, committed 83788K, reserved 1122304K
  class space    used 10283K, capacity 11023K, committed 11136K, reserved 1048576K
}
Event: 2022.190 GC heap before
{Heap before GC invocations=18 (full 0):
 garbage-first heap   total 187392K, used 147270K [0x0000000080000000, 0x0000000100000000)
  region size 1024K, 82 young (83968K), 12 survivors (12288K)
 Metaspace       used 81863K, capacity 83976K, committed 84300K, reserved 1122304K
  class space    used 10313K, capacity 11059K, committed 11136K, reserved 1048576K
}
Event: 2022.255 GC heap after
{Heap after GC invocations=19 (full 0):
 garbage-first heap   total 187392K, used 83504K [0x0000000080000000, 0x0000000100000000)
  region size 1024K, 11 young (11264K), 11 survivors (11264K)
 Metaspace       used 81863K, capacity 83976K, committed 84300K, reserved 1122304K
  class space    used 10313K, capacity 11059K, committed 11136K, reserved 1048576K
}
Event: 2022.531 GC heap before
{Heap before GC invocations=19 (full 0):
 garbage-first heap   total 187392K, used 99888K [0x0000000080000000, 0x0000000100000000)
  region size 1024K, 16 young (16384K), 11 survivors (11264K)
 Metaspace       used 81866K, capacity 83976K, committed 84300K, reserved 1122304K
  class space    used 10313K, capacity 11059K, committed 11136K, reserved 1048576K
}
Event: 2022.559 GC heap after
{Heap after GC invocations=20 (full 0):
 garbage-first heap   total 187392K, used 89595K [0x0000000080000000, 0x0000000100000000)
  region size 1024K, 4 young (4096K), 4 survivors (4096K)
 Metaspace       used 81866K, capacity 83976K, committed 84300K, reserved 1122304K
  class space    used 10313K, capacity 11059K, committed 11136K, reserved 1048576K
}
Event: 2024.199 GC heap before
{Heap before GC invocations=21 (full 0):
 garbage-first heap   total 187392K, used 141819K [0x0000000080000000, 0x0000000100000000)
  region size 1024K, 53 young (54272K), 4 survivors (4096K)
 Metaspace       used 85080K, capacity 86922K, committed 87628K, reserved 1126400K
  class space    used 10514K, capacity 11144K, committed 11392K, reserved 1048576K
}
Event: 2024.220 GC heap after
{Heap after GC invocations=22 (full 0):
 garbage-first heap   total 187392K, used 92134K [0x0000000080000000, 0x0000000100000000)
  region size 1024K, 7 young (7168K), 7 survivors (7168K)
 Metaspace       used 85080K, capacity 86922K, committed 87628K, reserved 1126400K
  class space    used 10514K, capacity 11144K, committed 11392K, reserved 1048576K
}
Event: 2024.254 GC heap before
{Heap before GC invocations=22 (full 0):
 garbage-first heap   total 187392K, used 94182K [0x0000000080000000, 0x0000000100000000)
  region size 1024K, 9 young (9216K), 7 survivors (7168K)
 Metaspace       used 85080K, capacity 86922K, committed 87628K, reserved 1126400K
  class space    used 10514K, capacity 11144K, committed 11392K, reserved 1048576K
}
Event: 2024.271 GC heap after
{Heap after GC invocations=23 (full 0):
 garbage-first heap   total 187392K, used 90064K [0x0000000080000000, 0x0000000100000000)
  region size 1024K, 2 young (2048K), 2 survivors (2048K)
 Metaspace       used 85080K, capacity 86922K, committed 87628K, reserved 1126400K
  class space    used 10514K, capacity 11144K, committed 11392K, reserved 1048576K
}
Event: 2024.989 GC heap before
{Heap before GC invocations=23 (full 0):
 garbage-first heap   total 187392K, used 141264K [0x0000000080000000, 0x0000000100000000)
  region size 1024K, 53 young (54272K), 2 survivors (2048K)
 Metaspace       used 85844K, capacity 87775K, committed 88396K, reserved 1126400K
  class space    used 10571K, capacity 11214K, committed 11392K, reserved 1048576K
}
Event: 2025.005 GC heap after
{Heap after GC invocations=24 (full 0):
 garbage-first heap   total 187392K, used 91955K [0x0000000080000000, 0x0000000100000000)
  region size 1024K, 3 young (3072K), 3 survivors (3072K)
 Metaspace       used 85844K, capacity 87775K, committed 88396K, reserved 1126400K
  class space    used 10571K, capacity 11214K, committed 11392K, reserved 1048576K
}
Event: 2026.131 GC heap before
{Heap before GC invocations=25 (full 0):
 garbage-first heap   total 187392K, used 135987K [0x0000000080000000, 0x0000000100000000)
  region size 1024K, 56 young (57344K), 3 survivors (3072K)
 Metaspace       used 86537K, capacity 88448K, committed 89036K, reserved 1126400K
  class space    used 10615K, capacity 11257K, committed 11520K, reserved 1048576K
}
Event: 2026.141 GC heap after
{Heap after GC invocations=26 (full 0):
 garbage-first heap   total 187392K, used 83263K [0x0000000080000000, 0x0000000100000000)
  region size 1024K, 4 young (4096K), 4 survivors (4096K)
 Metaspace       used 86537K, capacity 88448K, committed 89036K, reserved 1126400K
  class space    used 10615K, capacity 11257K, committed 11520K, reserved 1048576K
}
Event: 2026.257 GC heap before
{Heap before GC invocations=26 (full 0):
 garbage-first heap   total 187392K, used 87359K [0x0000000080000000, 0x0000000100000000)
  region size 1024K, 9 young (9216K), 4 survivors (4096K)
 Metaspace       used 86575K, capacity 88490K, committed 89036K, reserved 1126400K
  class space    used 10619K, capacity 11264K, committed 11520K, reserved 1048576K
}
Event: 2026.281 GC heap after
{Heap after GC invocations=27 (full 0):
 garbage-first heap   total 187392K, used 68413K [0x0000000080000000, 0x0000000100000000)
  region size 1024K, 1 young (1024K), 1 survivors (1024K)
 Metaspace       used 86575K, capacity 88490K, committed 89036K, reserved 1126400K
  class space    used 10619K, capacity 11264K, committed 11520K, reserved 1048576K
}
Event: 2026.406 GC heap before
{Heap before GC invocations=27 (full 0):
 garbage-first heap   total 187392K, used 75581K [0x0000000080000000, 0x0000000100000000)
  region size 1024K, 9 young (9216K), 1 survivors (1024K)
 Metaspace       used 86622K, capacity 88572K, committed 89292K, reserved 1126400K
  class space    used 10624K, capacity 11267K, committed 11520K, reserved 1048576K
}
Event: 2026.418 GC heap after
{Heap after GC invocations=28 (full 0):
 garbage-first heap   total 187392K, used 67966K [0x0000000080000000, 0x0000000100000000)
  region size 1024K, 2 young (2048K), 2 survivors (2048K)
 Metaspace       used 86622K, capacity 88572K, committed 89292K, reserved 1126400K
  class space    used 10624K, capacity 11267K, committed 11520K, reserved 1048576K
}
Event: 2034.417 GC heap before
{Heap before GC invocations=28 (full 0):
 garbage-first heap   total 187392K, used 136574K [0x0000000080000000, 0x0000000100000000)
  region size 1024K, 70 young (71680K), 2 survivors (2048K)
 Metaspace       used 90735K, capacity 92706K, committed 93132K, reserved 1130496K
  class space    used 11143K, capacity 11821K, committed 12032K, reserved 1048576K
}
Event: 2034.431 GC heap after
{Heap after GC invocations=29 (full 0):
 garbage-first heap   total 187392K, used 71539K [0x0000000080000000, 0x0000000100000000)
  region size 1024K, 5 young (5120K), 5 survivors (5120K)
 Metaspace       used 90735K, capacity 92706K, committed 93132K, reserved 1130496K
  class space    used 11143K, capacity 11821K, committed 12032K, reserved 1048576K
}

