# JRE version: OpenJDK Runtime Environment (11.0.8+10) (build 11.0.8+10-b944.6842174)
# Java VM: OpenJDK 64-Bit Server VM (11.0.8+10-b944.6842174, mixed mode, tiered, compressed oops, g1 gc, windows-amd64)
Heap:
 garbage-first heap   total 187392K, used 112368K [0x0000000080000000, 0x0000000100000000)
  region size 1024K, 74 young (75776K), 9 survivors (9216K)
 Metaspace       used 71463K, capacity 73107K, committed 73164K, reserved 1112064K
  class space    used 9380K, capacity 9965K, committed 9984K, reserved 1048576K
GC Heap History (20 events):
Event: 0.708 GC heap before
{Heap before GC invocations=0 (full 0):
 garbage-first heap   total 129024K, used 29696K [0x0000000080000000, 0x0000000100000000)
  region size 1024K, 24 young (24576K), 0 survivors (0K)
 Metaspace       used 10377K, capacity 10580K, committed 10752K, reserved 1058816K
  class space    used 1098K, capacity 1164K, committed 1280K, reserved 1048576K
}
Event: 0.716 GC heap after
{Heap after GC invocations=1 (full 0):
 garbage-first heap   total 129024K, used 8373K [0x0000000080000000, 0x0000000100000000)
  region size 1024K, 3 young (3072K), 3 survivors (3072K)
 Metaspace       used 10377K, capacity 10580K, committed 10752K, reserved 1058816K
  class space    used 1098K, capacity 1164K, committed 1280K, reserved 1048576K
}
Event: 2.927 GC heap before
{Heap before GC invocations=1 (full 0):
 garbage-first heap   total 129024K, used 81077K [0x0000000080000000, 0x0000000100000000)
  region size 1024K, 75 young (76800K), 3 survivors (3072K)
 Metaspace       used 18908K, capacity 19340K, committed 19456K, reserved 1067008K
  class space    used 2295K, capacity 2456K, committed 2560K, reserved 1048576K
}
Event: 2.938 GC heap after
{Heap after GC invocations=2 (full 0):
 garbage-first heap   total 129024K, used 15440K [0x0000000080000000, 0x0000000100000000)
  region size 1024K, 10 young (10240K), 10 survivors (10240K)
 Metaspace       used 18908K, capacity 19340K, committed 19456K, reserved 1067008K
  class space    used 2295K, capacity 2456K, committed 2560K, reserved 1048576K
}
Event: 3.257 GC heap before
{Heap before GC invocations=2 (full 0):
 garbage-first heap   total 129024K, used 27728K [0x0000000080000000, 0x0000000100000000)
  region size 1024K, 23 young (23552K), 10 survivors (10240K)
 Metaspace       used 20675K, capacity 21109K, committed 21248K, reserved 1067008K
  class space    used 2544K, capacity 2710K, committed 2816K, reserved 1048576K
}
Event: 3.268 GC heap after
{Heap after GC invocations=3 (full 0):
 garbage-first heap   total 129024K, used 16254K [0x0000000080000000, 0x0000000100000000)
  region size 1024K, 1 young (1024K), 1 survivors (1024K)
 Metaspace       used 20675K, capacity 21109K, committed 21248K, reserved 1067008K
  class space    used 2544K, capacity 2710K, committed 2816K, reserved 1048576K
}
Event: 4.318 GC heap before
{Heap before GC invocations=4 (full 0):
 garbage-first heap   total 129024K, used 63358K [0x0000000080000000, 0x0000000100000000)
  region size 1024K, 47 young (48128K), 1 survivors (1024K)
 Metaspace       used 26015K, capacity 26611K, committed 26752K, reserved 1073152K
  class space    used 3402K, capacity 3632K, committed 3712K, reserved 1048576K
}
Event: 4.324 GC heap after
{Heap after GC invocations=5 (full 0):
 garbage-first heap   total 129024K, used 17830K [0x0000000080000000, 0x0000000100000000)
  region size 1024K, 3 young (3072K), 3 survivors (3072K)
 Metaspace       used 26015K, capacity 26611K, committed 26752K, reserved 1073152K
  class space    used 3402K, capacity 3632K, committed 3712K, reserved 1048576K
}
Event: 6.039 GC heap before
{Heap before GC invocations=5 (full 0):
 garbage-first heap   total 129024K, used 66982K [0x0000000080000000, 0x0000000100000000)
  region size 1024K, 53 young (54272K), 3 survivors (3072K)
 Metaspace       used 35014K, capacity 35797K, committed 35840K, reserved 1081344K
  class space    used 4558K, capacity 4824K, committed 4864K, reserved 1048576K
}
Event: 6.058 GC heap after
{Heap after GC invocations=6 (full 0):
 garbage-first heap   total 129024K, used 21102K [0x0000000080000000, 0x0000000100000000)
  region size 1024K, 6 young (6144K), 6 survivors (6144K)
 Metaspace       used 35014K, capacity 35797K, committed 35840K, reserved 1081344K
  class space    used 4558K, capacity 4824K, committed 4864K, reserved 1048576K
}
Event: 7.651 GC heap before
{Heap before GC invocations=7 (full 0):
 garbage-first heap   total 129024K, used 80494K [0x0000000080000000, 0x0000000100000000)
  region size 1024K, 61 young (62464K), 6 survivors (6144K)
 Metaspace       used 40628K, capacity 41502K, committed 41600K, reserved 1085440K
  class space    used 5192K, capacity 5501K, committed 5504K, reserved 1048576K
}
Event: 7.669 GC heap after
{Heap after GC invocations=8 (full 0):
 garbage-first heap   total 155648K, used 24363K [0x0000000080000000, 0x0000000100000000)
  region size 1024K, 7 young (7168K), 7 survivors (7168K)
 Metaspace       used 40628K, capacity 41502K, committed 41600K, reserved 1085440K
  class space    used 5192K, capacity 5501K, committed 5504K, reserved 1048576K
}
Event: 9.313 GC heap before
{Heap before GC invocations=8 (full 0):
 garbage-first heap   total 155648K, used 95019K [0x0000000080000000, 0x0000000100000000)
  region size 1024K, 76 young (77824K), 7 survivors (7168K)
 Metaspace       used 44311K, capacity 45333K, committed 45568K, reserved 1089536K
  class space    used 5679K, capacity 6033K, committed 6144K, reserved 1048576K
}
Event: 9.328 GC heap after
{Heap after GC invocations=9 (full 0):
 garbage-first heap   total 155648K, used 31369K [0x0000000080000000, 0x0000000100000000)
  region size 1024K, 10 young (10240K), 10 survivors (10240K)
 Metaspace       used 44311K, capacity 45333K, committed 45568K, reserved 1089536K
  class space    used 5679K, capacity 6033K, committed 6144K, reserved 1048576K
}
Event: 11.486 GC heap before
{Heap before GC invocations=9 (full 0):
 garbage-first heap   total 155648K, used 103049K [0x0000000080000000, 0x0000000100000000)
  region size 1024K, 78 young (79872K), 10 survivors (10240K)
 Metaspace       used 53298K, capacity 54513K, committed 54656K, reserved 1097728K
  class space    used 6782K, capacity 7202K, committed 7296K, reserved 1048576K
}
Event: 11.502 GC heap after
{Heap after GC invocations=10 (full 0):
 garbage-first heap   total 155648K, used 38482K [0x0000000080000000, 0x0000000100000000)
  region size 1024K, 6 young (6144K), 6 survivors (6144K)
 Metaspace       used 53298K, capacity 54513K, committed 54656K, reserved 1097728K
  class space    used 6782K, capacity 7202K, committed 7296K, reserved 1048576K
}
Event: 12.911 GC heap before
{Heap before GC invocations=10 (full 0):
 garbage-first heap   total 155648K, used 84562K [0x0000000080000000, 0x0000000100000000)
  region size 1024K, 52 young (53248K), 6 survivors (6144K)
 Metaspace       used 58696K, capacity 60031K, committed 60160K, reserved 1101824K
  class space    used 7438K, capacity 7922K, committed 7936K, reserved 1048576K
}
Event: 12.939 GC heap after
{Heap after GC invocations=11 (full 0):
 garbage-first heap   total 155648K, used 42806K [0x0000000080000000, 0x0000000100000000)
  region size 1024K, 10 young (10240K), 10 survivors (10240K)
 Metaspace       used 58696K, capacity 60031K, committed 60160K, reserved 1101824K
  class space    used 7438K, capacity 7922K, committed 7936K, reserved 1048576K
}
Event: 15.706 GC heap before
{Heap before GC invocations=12 (full 0):
 garbage-first heap   total 155648K, used 110390K [0x0000000080000000, 0x0000000100000000)
  region size 1024K, 76 young (77824K), 10 survivors (10240K)
 Metaspace       used 64499K, capacity 66011K, committed 66252K, reserved 1105920K
  class space    used 8377K, capacity 8924K, committed 8960K, reserved 1048576K
}
Event: 15.727 GC heap after
{Heap after GC invocations=13 (full 0):
 garbage-first heap   total 187392K, used 46832K [0x0000000080000000, 0x0000000100000000)
  region size 1024K, 9 young (9216K), 9 survivors (9216K)
 Metaspace       used 64499K, capacity 66011K, committed 66252K, reserved 1105920K
  class space    used 8377K, capacity 8924K, committed 8960K, reserved 1048576K
}

